<?xml version="1.0" encoding="UTF-8"?>
<testsuite xmlns:xsi="http://www.w3.org/2001/XMLSchema-instance" xsi:noNamespaceSchemaLocation="https://maven.apache.org/surefire/maven-surefire-plugin/xsd/surefire-test-report.xsd" name="com.example.AppTest" time="0.058" tests="1" errors="0" skipped="0" failures="0">
  <properties>
    <property name="java.specification.version" value="21"/>
    <property name="sun.jnu.encoding" value="UTF-8"/>
    <property name="java.class.path" value="/home/emanuelle/Documentos/POO/Biblioteca/biblioteca-MannuuEmanuelle/target/test-classes:/home/emanuelle/Documentos/POO/Biblioteca/biblioteca-MannuuEmanuelle/target/classes:/home/emanuelle/.m2/repository/junit/junit/4.11/junit-4.11.jar:/home/emanuelle/.m2/repository/org/hamcrest/hamcrest-core/1.3/hamcrest-core-1.3.jar:/home/emanuelle/.m2/repository/org/postgresql/postgresql/42.7.5/postgresql-42.7.5.jar:/home/emanuelle/.m2/repository/org/checkerframework/checker-qual/3.48.3/checker-qual-3.48.3.jar:"/>
    <property name="java.vm.vendor" value="Ubuntu"/>
    <property name="sun.arch.data.model" value="64"/>
    <property name="java.vendor.url" value="https://ubuntu.com/"/>
    <property name="os.name" value="Linux"/>
    <property name="java.vm.specification.version" value="21"/>
    <property name="sun.java.launcher" value="SUN_STANDARD"/>
    <property name="user.country" value="BR"/>
    <property name="sun.boot.library.path" value="/usr/lib/jvm/java-21-openjdk-amd64/lib"/>
    <property name="sun.java.command" value="/home/emanuelle/Documentos/POO/Biblioteca/biblioteca-MannuuEmanuelle/target/surefire/surefirebooter2801335530818963786.jar /home/emanuelle/Documentos/POO/Biblioteca/biblioteca-MannuuEmanuelle/target/surefire 2025-02-14T23-11-14_838-jvmRun1 surefire16253740106929205976tmp surefire_04055322976351920672tmp"/>
    <property name="jdk.debug" value="release"/>
    <property name="surefire.test.class.path" value="/home/emanuelle/Documentos/POO/Biblioteca/biblioteca-MannuuEmanuelle/target/test-classes:/home/emanuelle/Documentos/POO/Biblioteca/biblioteca-MannuuEmanuelle/target/classes:/home/emanuelle/.m2/repository/junit/junit/4.11/junit-4.11.jar:/home/emanuelle/.m2/repository/org/hamcrest/hamcrest-core/1.3/hamcrest-core-1.3.jar:/home/emanuelle/.m2/repository/org/postgresql/postgresql/42.7.5/postgresql-42.7.5.jar:/home/emanuelle/.m2/repository/org/checkerframework/checker-qual/3.48.3/checker-qual-3.48.3.jar:"/>
    <property name="sun.cpu.endian" value="little"/>
    <property name="user.home" value="/home/emanuelle"/>
    <property name="user.language" value="pt"/>
    <property name="java.specification.vendor" value="Oracle Corporation"/>
    <property name="java.version.date" value="2025-01-21"/>
    <property name="java.home" value="/usr/lib/jvm/java-21-openjdk-amd64"/>
    <property name="file.separator" value="/"/>
    <property name="basedir" value="/home/emanuelle/Documentos/POO/Biblioteca/biblioteca-MannuuEmanuelle"/>
    <property name="java.vm.compressedOopsMode" value="32-bit"/>
    <property name="line.separator" value="&#10;"/>
    <property name="java.specification.name" value="Java Platform API Specification"/>
    <property name="java.vm.specification.vendor" value="Oracle Corporation"/>
    <property name="surefire.real.class.path" value="/home/emanuelle/Documentos/POO/Biblioteca/biblioteca-MannuuEmanuelle/target/surefire/surefirebooter2801335530818963786.jar"/>
    <property name="sun.management.compiler" value="HotSpot 64-Bit Tiered Compilers"/>
    <property name="java.runtime.version" value="21.0.6+7-Ubuntu-124.04.1"/>
    <property name="user.name" value="emanuelle"/>
    <property name="stdout.encoding" value="UTF-8"/>
    <property name="path.separator" value=":"/>
    <property name="os.version" value="6.8.0-52-generic"/>
    <property name="java.runtime.name" value="OpenJDK Runtime Environment"/>
    <property name="file.encoding" value="UTF-8"/>
    <property name="java.vm.name" value="OpenJDK 64-Bit Server VM"/>
    <property name="localRepository" value="/home/emanuelle/.m2/repository"/>
    <property name="java.vendor.url.bug" value="https://bugs.launchpad.net/ubuntu/+source/openjdk-21"/>
    <property name="java.io.tmpdir" value="/tmp"/>
    <property name="java.version" value="21.0.6"/>
    <property name="user.dir" value="/home/emanuelle/Documentos/POO/Biblioteca/biblioteca-MannuuEmanuelle"/>
    <property name="os.arch" value="amd64"/>
    <property name="java.vm.specification.name" value="Java Virtual Machine Specification"/>
    <property name="native.encoding" value="UTF-8"/>
    <property name="java.library.path" value="/usr/java/packages/lib:/usr/lib/x86_64-linux-gnu/jni:/lib/x86_64-linux-gnu:/usr/lib/x86_64-linux-gnu:/usr/lib/jni:/lib:/usr/lib"/>
    <property name="java.vm.info" value="mixed mode, sharing"/>
    <property name="stderr.encoding" value="UTF-8"/>
    <property name="java.vendor" value="Ubuntu"/>
    <property name="java.vm.version" value="21.0.6+7-Ubuntu-124.04.1"/>
    <property name="sun.io.unicode.encoding" value="UnicodeLittle"/>
    <property name="java.class.version" value="65.0"/>
  </properties>
  <testcase name="shouldAnswerWithTrue" classname="com.example.AppTest" time="0.006"/>
</testsuite>